<?xml version="1.0" encoding="UTF-8"?>
<testsuite xmlns:xsi="http://www.w3.org/2001/XMLSchema-instance" xsi:noNamespaceSchemaLocation="https://maven.apache.org/surefire/maven-surefire-plugin/xsd/surefire-test-report-3.0.xsd" version="3.0" name="org.nobank.architecture.api.chassis.test.NobankApiArchitectureChassisDevModeTest" time="1.122" tests="1" errors="0" skipped="0" failures="0">
  <properties>
[...]
</properties>
  <testcase name="writeYourOwnDevModeTest" classname="org.nobank.architecture.api.chassis.test.NobankApiArchitectureChassisDevModeTest" time="1.116">
    <system-out><![CDATA[&amp#27;[94mTests paused&amp#27;[39m
__  ____  __  _____   ___  __ ____  ______ 
 --/ __ \/ / / / _ | / _ \/ //_/ / / / __/ 
 -/ /_/ / /_/ / __ |/ , _/ ,< / /_/ /\ \   
--\___\_\____/_/ |_/_/|_/_/|_|\____/___/   
2022-06-27 10:03:36,811 INFO  [io.quarkus] (Quarkus Main Thread) nobank-api-architecture-chassis-deployment 1.0.0-SNAPSHOT on JVM (powered by Quarkus 2.10.0.Final) started in 0.619s. 
2022-06-27 10:03:36,811 INFO  [io.quarkus] (Quarkus Main Thread) Profile dev activated. Live Coding activated.
2022-06-27 10:03:36,811 INFO  [io.quarkus] (Quarkus Main Thread) Installed features: [cdi, nobank-api-architecture-chassis]
2022-06-27 10:03:36,820 INFO  [io.quarkus] (Quarkus Main Thread) nobank-api-architecture-chassis-deployment stopped in 0.006s
]]></system-out>
  </testcase>
</testsuite>